Build started 12/7/2014 4:53:12 PM.
     1>Project "C:\Users\Miles Litteral\documents\visual studio 2010\Projects\RPortableXT\RPortableXT\RPortableXT.vcxproj" on node 2 (build target(s)).
     1>InitializeBuildStatus:
         Touching "Debug\RPortableXT.unsuccessfulbuild".
       ClCompile:
         C:\Program Files (x86)\Microsoft Visual Studio 10.0\VC\bin\CL.exe /c /ZI /nologo /W3 /WX- /Od /Oy- /D _MBCS /Gm /EHsc /RTC1 /MDd /GS /fp:precise /Zc:wchar_t /Zc:forScope /Fo"Debug\\" /Fd"Debug\vc100.pdb" /Gd /TP /analyze- /errorReport:prompt BattleJunction.cpp RighteousStateMachine.cpp RighteousXTSource.cpp UI.cpp VA.cpp
         UI.cpp
     1>c:\users\miles litteral\documents\visual studio 2010\projects\rportablext\rportablext\va.h(158): warning C4244: 'argument' : conversion from 'float' to 'const int', possible loss of data
         Generating Code...
         Skipping... (no relevant changes detected)
         VA.cpp
         RighteousXTSource.cpp
         RighteousStateMachine.cpp
         BattleJunction.cpp
       Link:
         C:\Program Files (x86)\Microsoft Visual Studio 10.0\VC\bin\link.exe /ERRORREPORT:PROMPT /OUT:"C:\Users\Miles Litteral\documents\visual studio 2010\Projects\RPortableXT\Debug\RPortableXT.exe" /NOLOGO kernel32.lib user32.lib gdi32.lib winspool.lib comdlg32.lib advapi32.lib shell32.lib ole32.lib oleaut32.lib uuid.lib odbc32.lib odbccp32.lib /MANIFEST /ManifestFile:"Debug\RPortableXT.exe.intermediate.manifest" /MANIFESTUAC:"level='asInvoker' uiAccess='false'" /DEBUG /PDB:"C:\Users\Miles Litteral\documents\visual studio 2010\Projects\RPortableXT\Debug\RPortableXT.pdb" /TLBID:1 /DYNAMICBASE /NXCOMPAT /IMPLIB:"C:\Users\Miles Litteral\documents\visual studio 2010\Projects\RPortableXT\Debug\RPortableXT.lib" /MACHINE:X86 Debug\RighteousCurrencySystem.obj
         Debug\BattleJunction.obj
         Debug\RighteousStateMachine.obj
         Debug\RighteousXTSource.obj
         Debug\UI.obj
         Debug\VA.obj
         LINK : C:\Users\Miles Litteral\documents\visual studio 2010\Projects\RPortableXT\Debug\RPortableXT.exe not found or not built by the last incremental link; performing full link
         RPortableXT.vcxproj -> C:\Users\Miles Litteral\documents\visual studio 2010\Projects\RPortableXT\Debug\RPortableXT.exe
       Manifest:
         C:\Program Files (x86)\Microsoft SDKs\Windows\v7.0A\bin\mt.exe /nologo /verbose /outputresource:"C:\Users\Miles Litteral\documents\visual studio 2010\Projects\RPortableXT\Debug\RPortableXT.exe;#1" /manifest Debug\RPortableXT.exe.intermediate.manifest
       FinalizeBuildStatus:
         Deleting file "Debug\RPortableXT.unsuccessfulbuild".
         Touching "Debug\RPortableXT.lastbuildstate".
     1>Done Building Project "C:\Users\Miles Litteral\documents\visual studio 2010\Projects\RPortableXT\RPortableXT\RPortableXT.vcxproj" (build target(s)).

Build succeeded.

Time Elapsed 00:00:04.44
